[09066309P 08134385K]  2025-05-15 11:11:15.885 CESTLOG:  el sistema de bases de datos fue apagado en 2025-05-15 11:10:08 CEST
[09066309P 08134385K] ::1(25165) 2025-05-15 11:15:35.909 CESTLOG:  duración: 111.747 ms  sentencia: SELECT provincia, COUNT(*) AS total
	FROM (
	    SELECT provincia
	    FROM reservas
	    JOIN clientes ON reservas.clienteid_clientes = clientes.clienteid
	    
	    UNION
	    
	    SELECT provincia
	    FROM telpark_foraneo.reservas
	    JOIN telpark_foraneo.clientes ON reservas.clienteid_clientes = clientes.clienteid
	) AS subquery
	GROUP BY provincia;
[09066309P 08134385K] ::1(25198) 2025-05-15 11:15:57.652 CESTLOG:  duración: 14.226 ms  sentencia: EXPLAIN SELECT provincia, COUNT(*) AS total
	FROM (
	    SELECT provincia
	    FROM reservas
	    JOIN clientes ON reservas.clienteid_clientes = clientes.clienteid
	    
	    UNION
	    
	    SELECT provincia
	    FROM telpark_foraneo.reservas
	    JOIN telpark_foraneo.clientes ON reservas.clienteid_clientes = clientes.clienteid
	) AS subquery
	GROUP BY provincia;
[09066309P 08134385K]  2025-05-15 11:16:15.881 CESTLOG:  empezando checkpoint: time
[09066309P 08134385K]  2025-05-15 11:16:15.902 CESTLOG:  checkpoint completo: escritos 3 búfers (0.0%); 0 archivos WAL añadidos, 0 eliminados, 0 reciclados; write=0.012 s, sync=0.003 s, total=0.023 s; archivos sincronizados=2, más largo=0.002 s, promedio=0.002 s; distancia=0 kB, estimación=0 kB; lsn=D8/930001F8, lsn de redo=D8/930001C0
[09066309P 08134385K] ::1(25198) 2025-05-15 13:42:40.188 CESTLOG:  no se pudo recibir datos del cliente: An existing connection was forcibly closed by the remote host.
	
[09066309P 08134385K] ::1(24722) 2025-05-15 13:42:51.381 CESTLOG:  no se pudo recibir datos del cliente: An existing connection was forcibly closed by the remote host.
	
[09066309P 08134385K] ::1(24722) 2025-05-15 13:42:51.381 CESTSENTENCIA:  START_REPLICATION D8/93000000 TIMELINE 1
[09066309P 08134385K] ::1(24722) 2025-05-15 13:42:51.381 CESTLOG:  se encontró fin de archivo inesperado en la conexión standby
[09066309P 08134385K] ::1(24722) 2025-05-15 13:42:51.381 CESTSENTENCIA:  START_REPLICATION D8/93000000 TIMELINE 1
[09066309P 08134385K] ::1(30919) 2025-05-15 16:25:48.081 CESTFATAL:  la autentificación password falló para el usuario «postgres»
[09066309P 08134385K] ::1(30919) 2025-05-15 16:25:48.081 CESTDETALLE:  La conexión coincidió con el archivo «C:/Program Files/PostgreSQL/16/data/pg_hba.conf» línea 122: «host    replication     all             ::1/128                 scram-sha-256»
[09066309P 08134385K]  2025-05-15 16:25:59.956 CESTLOG:  empezando checkpoint: force wait
[09066309P 08134385K]  2025-05-15 16:25:59.967 CESTLOG:  checkpoint completo: escritos 0 búfers (0.0%); 0 archivos WAL añadidos, 0 eliminados, 0 reciclados; write=0.006 s, sync=0.001 s, total=0.012 s; archivos sincronizados=0, más largo=0.000 s, promedio=0.000 s; distancia=16383 kB, estimación=16383 kB; lsn=D8/94000060, lsn de redo=D8/94000028
[09066309P 08134385K]  2025-05-15 16:30:59.976 CESTLOG:  empezando checkpoint: time
[09066309P 08134385K]  2025-05-15 16:30:59.993 CESTLOG:  checkpoint completo: escritos 0 búfers (0.0%); 0 archivos WAL añadidos, 1 eliminados, 0 reciclados; write=0.006 s, sync=0.001 s, total=0.017 s; archivos sincronizados=0, más largo=0.000 s, promedio=0.000 s; distancia=16384 kB, estimación=16384 kB; lsn=D8/95000098, lsn de redo=D8/95000060
[09066309P 08134385K]  2025-05-15 16:48:51.120 CESTLOG:  empezando checkpoint: force wait
[09066309P 08134385K]  2025-05-15 16:48:51.136 CESTLOG:  checkpoint completo: escritos 0 búfers (0.0%); 0 archivos WAL añadidos, 1 eliminados, 0 reciclados; write=0.005 s, sync=0.001 s, total=0.017 s; archivos sincronizados=0, más largo=0.000 s, promedio=0.000 s; distancia=16383 kB, estimación=16384 kB; lsn=D8/96000060, lsn de redo=D8/96000028
[09066309P 08134385K]  2025-05-15 16:53:51.139 CESTLOG:  empezando checkpoint: time
[09066309P 08134385K]  2025-05-15 16:53:51.156 CESTLOG:  checkpoint completo: escritos 0 búfers (0.0%); 0 archivos WAL añadidos, 1 eliminados, 0 reciclados; write=0.005 s, sync=0.001 s, total=0.017 s; archivos sincronizados=0, más largo=0.000 s, promedio=0.000 s; distancia=16384 kB, estimación=16384 kB; lsn=D8/97000098, lsn de redo=D8/97000060
[09066309P 08134385K]  2025-05-15 16:56:15.121 CESTLOG:  empezando checkpoint: force wait
[09066309P 08134385K]  2025-05-15 16:56:15.145 CESTLOG:  checkpoint completo: escritos 0 búfers (0.0%); 0 archivos WAL añadidos, 1 eliminados, 0 reciclados; write=0.008 s, sync=0.001 s, total=0.024 s; archivos sincronizados=0, más largo=0.000 s, promedio=0.000 s; distancia=16383 kB, estimación=16384 kB; lsn=D8/98000060, lsn de redo=D8/98000028
[09066309P 08134385K]  2025-05-15 17:01:15.144 CESTLOG:  empezando checkpoint: time
[09066309P 08134385K]  2025-05-15 17:01:15.160 CESTLOG:  checkpoint completo: escritos 0 búfers (0.0%); 0 archivos WAL añadidos, 1 eliminados, 0 reciclados; write=0.005 s, sync=0.001 s, total=0.016 s; archivos sincronizados=0, más largo=0.000 s, promedio=0.000 s; distancia=16384 kB, estimación=16384 kB; lsn=D8/99000098, lsn de redo=D8/99000060
[09066309P 08134385K] ::1(35037) 2025-05-15 17:08:03.720 CESTFATAL:  no existe la base de datos «telparj»
[09066309P 08134385K] ::1(35042) 2025-05-15 17:08:16.085 CESTLOG:  sentencia: DELETE FROM pagos;
[09066309P 08134385K] ::1(35042) 2025-05-15 17:08:16.100 CESTLOG:  duración: 22.907 ms
[09066309P 08134385K] ::1(35042) 2025-05-15 17:08:20.597 CESTLOG:  sentencia: DELETE FROM incidencias;
[09066309P 08134385K] ::1(35042) 2025-05-15 17:08:20.599 CESTLOG:  duración: 1.521 ms
[09066309P 08134385K] ::1(35042) 2025-05-15 17:08:25.913 CESTLOG:  sentencia: DELETE FROM reservas;
[09066309P 08134385K] ::1(35042) 2025-05-15 17:08:25.922 CESTLOG:  duración: 9.802 ms
[09066309P 08134385K] ::1(35042) 2025-05-15 17:08:30.024 CESTLOG:  sentencia: DELETE FROM plazas;
[09066309P 08134385K] ::1(35042) 2025-05-15 17:08:30.026 CESTLOG:  duración: 2.425 ms
[09066309P 08134385K] ::1(35042) 2025-05-15 17:08:37.820 CESTLOG:  sentencia: DELETE FROM vehiculos;
[09066309P 08134385K] ::1(35042) 2025-05-15 17:08:37.823 CESTLOG:  duración: 2.970 ms
[09066309P 08134385K] ::1(35042) 2025-05-15 17:08:41.113 CESTLOG:  sentencia: DELETE FROM clientes;
[09066309P 08134385K] ::1(35042) 2025-05-15 17:08:41.117 CESTLOG:  duración: 3.867 ms
[09066309P 08134385K] ::1(35042) 2025-05-15 17:08:51.113 CESTERROR:  error de sintaxis en o cerca de «*» en carácter 15
[09066309P 08134385K] ::1(35042) 2025-05-15 17:08:51.113 CESTSENTENCIA:  SELECT * FROM *;
[09066309P 08134385K] ::1(35156) 2025-05-15 17:09:20.351 CESTLOG:  sentencia: DROP USER IF EXISTS usuario1;
[09066309P 08134385K] ::1(35156) 2025-05-15 17:09:20.352 CESTLOG:  duración: 4.737 ms
[09066309P 08134385K] ::1(35156) 2025-05-15 17:09:20.359 CESTLOG:  sentencia: DROP USER IF EXISTS usuario2;
[09066309P 08134385K] ::1(35156) 2025-05-15 17:09:20.359 CESTLOG:  duración: 0.272 ms
[09066309P 08134385K] ::1(35156) 2025-05-15 17:09:20.365 CESTLOG:  sentencia: DROP USER IF EXISTS usuario3;
[09066309P 08134385K] ::1(35156) 2025-05-15 17:09:20.366 CESTLOG:  duración: 0.175 ms
[09066309P 08134385K] ::1(35156) 2025-05-15 17:09:20.371 CESTLOG:  sentencia: DROP ROLE IF EXISTS rol_usuario;
[09066309P 08134385K] ::1(35156) 2025-05-15 17:09:20.372 CESTLOG:  duración: 0.200 ms
[09066309P 08134385K] ::1(35156) 2025-05-15 17:09:20.379 CESTLOG:  sentencia: CREATE USER usuario1 WITH PASSWORD '1234';
[09066309P 08134385K] ::1(35156) 2025-05-15 17:09:20.398 CESTLOG:  duración: 20.274 ms
[09066309P 08134385K] ::1(35156) 2025-05-15 17:09:20.399 CESTLOG:  sentencia: CREATE USER usuario2 WITH PASSWORD '1234';
[09066309P 08134385K] ::1(35156) 2025-05-15 17:09:20.415 CESTLOG:  duración: 15.545 ms
[09066309P 08134385K] ::1(35156) 2025-05-15 17:09:20.416 CESTLOG:  sentencia: CREATE USER usuario3 WITH PASSWORD '1234';
[09066309P 08134385K] ::1(35156) 2025-05-15 17:09:20.431 CESTLOG:  duración: 15.256 ms
[09066309P 08134385K] ::1(35156) 2025-05-15 17:09:20.432 CESTLOG:  sentencia: CREATE ROLE rol_usuario WITH NOSUPERUSER;
[09066309P 08134385K] ::1(35156) 2025-05-15 17:09:20.432 CESTLOG:  duración: 0.203 ms
[09066309P 08134385K] ::1(35156) 2025-05-15 17:09:20.433 CESTLOG:  sentencia: GRANT USAGE ON SCHEMA public TO rol_usuario;
[09066309P 08134385K] ::1(35156) 2025-05-15 17:09:20.437 CESTLOG:  duración: 3.857 ms
[09066309P 08134385K] ::1(35156) 2025-05-15 17:09:20.438 CESTLOG:  sentencia: GRANT SELECT, INSERT, UPDATE, DELETE ON ALL TABLES IN SCHEMA public TO rol_usuario;
[09066309P 08134385K] ::1(35156) 2025-05-15 17:09:20.439 CESTLOG:  duración: 1.097 ms
[09066309P 08134385K] ::1(35156) 2025-05-15 17:09:20.440 CESTLOG:  sentencia: GRANT rol_usuario TO usuario1, usuario2, usuario3;
[09066309P 08134385K] ::1(35156) 2025-05-15 17:09:20.444 CESTLOG:  duración: 4.324 ms
[09066309P 08134385K]  2025-05-15 17:11:15.172 CESTLOG:  empezando checkpoint: time
[09066309P 08134385K]  2025-05-15 17:11:18.694 CESTLOG:  checkpoint completo: escritos 33 búfers (0.0%); 0 archivos WAL añadidos, 0 eliminados, 0 reciclados; write=3.500 s, sync=0.015 s, total=3.523 s; archivos sincronizados=34, más largo=0.001 s, promedio=0.001 s; distancia=97 kB, estimación=14755 kB; lsn=D8/990186C0, lsn de redo=D8/99018688
[09066309P 08134385K] ::1(35156) 2025-05-15 17:12:24.787 CESTLOG:  no se pudo recibir datos del cliente: An existing connection was forcibly closed by the remote host.
	
