[09066309P 08134385K]  2025-05-17 20:35:15.400 CESTLOG:  el sistema de bases de datos fue interrumpido; última vez en funcionamiento en 2025-05-17 20:18:21 CEST
[09066309P 08134385K]  2025-05-17 20:35:16.929 CESTLOG:  iniciando recuperación de backup con LSN de redo D8/9A000028, LSN de checkpoint D8/9A000060, en timeline 1
[09066309P 08134385K]  2025-05-17 20:35:16.940 CESTLOG:  redo comienza en D8/9A000028
[09066309P 08134385K]  2025-05-17 20:35:16.941 CESTLOG:  se completó la recuperación de backup con LSN de redo D8/9A000028 y LSN de término D8/9A000138
[09066309P 08134385K]  2025-05-17 20:35:16.941 CESTLOG:  el estado de recuperación consistente fue alcanzado en D8/9A000138
[09066309P 08134385K]  2025-05-17 20:35:16.941 CESTLOG:  redo listo en D8/9A000138 utilización del sistema: CPU: usuario: 0.00 s, sistema: 0.00 s, transcurrido: 0.00 s
[09066309P 08134385K]  2025-05-17 20:35:16.994 CESTLOG:  empezando checkpoint: end-of-recovery immediate wait
[09066309P 08134385K]  2025-05-17 20:35:17.022 CESTLOG:  checkpoint completo: escritos 3 búfers (0.0%); 0 archivos WAL añadidos, 0 eliminados, 0 reciclados; write=0.019 s, sync=0.003 s, total=0.032 s; archivos sincronizados=2, más largo=0.002 s, promedio=0.002 s; distancia=16384 kB, estimación=16384 kB; lsn=D8/9B000028, lsn de redo=D8/9B000028
[09066309P 08134385K] ::1(53502) 2025-05-17 20:35:30.265 CESTLOG:  duración: 33.251 ms  sentencia: SELECT * FROM clientes;
[09066309P 08134385K] ::1(53502) 2025-05-17 20:35:33.959 CESTLOG:  duración: 2.657 ms  sentencia: SELECT * FROM tabla1;
[09066309P 08134385K] ::1(53502) 2025-05-17 20:35:52.787 CESTLOG:  sentencia: DROP TABLE tabla1;
[09066309P 08134385K] ::1(53502) 2025-05-17 20:35:52.813 CESTLOG:  duración: 26.493 ms
[09066309P 08134385K] ::1(53502) 2025-05-17 20:35:55.268 CESTLOG:  sentencia: DROP TABLE tabla2;
[09066309P 08134385K] ::1(53502) 2025-05-17 20:35:55.271 CESTLOG:  duración: 3.595 ms
[09066309P 08134385K] ::1(53502) 2025-05-17 20:35:56.971 CESTLOG:  sentencia: DROP TABLE tabla3;
[09066309P 08134385K] ::1(53502) 2025-05-17 20:35:56.975 CESTLOG:  duración: 4.153 ms
[09066309P 08134385K] ::1(53502) 2025-05-17 20:36:10.300 CESTERROR:  error de sintaxis en o cerca de «DEDROP» en carácter 1
[09066309P 08134385K] ::1(53502) 2025-05-17 20:36:10.300 CESTSENTENCIA:  DEDROP USER IF EXISTS usuario1;
[09066309P 08134385K] ::1(53502) 2025-05-17 20:36:10.308 CESTLOG:  sentencia: DROP USER IF EXISTS usuario2;
[09066309P 08134385K] ::1(53502) 2025-05-17 20:36:10.315 CESTLOG:  duración: 8.075 ms
[09066309P 08134385K] ::1(53502) 2025-05-17 20:36:10.318 CESTLOG:  sentencia: DROP USER IF EXISTS usuario3;
[09066309P 08134385K] ::1(53502) 2025-05-17 20:36:10.318 CESTLOG:  duración: 0.466 ms
[09066309P 08134385K] ::1(53502) 2025-05-17 20:36:15.177 CESTLOG:  sentencia: DROP ROLE IF EXISTS rol_usuario;
[09066309P 08134385K] ::1(53502) 2025-05-17 20:36:15.179 CESTERROR:  no se puede eliminar el rol «rol_usuario» porque otros objetos dependen de él
[09066309P 08134385K] ::1(53502) 2025-05-17 20:36:15.179 CESTDETALLE:  privilegios para esquema public
	privilegios para tabla clientes
	privilegios para tabla vehiculos
	privilegios para tabla plazas
	privilegios para tabla reservas
	privilegios para tabla incidencias
	privilegios para tabla pagos
[09066309P 08134385K] ::1(53502) 2025-05-17 20:36:15.179 CESTSENTENCIA:  DROP ROLE IF EXISTS rol_usuario;
[09066309P 08134385K] ::1(53502) 2025-05-17 20:36:18.474 CESTLOG:  sentencia: DROP USER IF EXISTS usuario1;
[09066309P 08134385K] ::1(53502) 2025-05-17 20:36:18.475 CESTLOG:  duración: 0.457 ms
[09066309P 08134385K] ::1(53502) 2025-05-17 20:36:18.480 CESTLOG:  sentencia: DROP USER IF EXISTS usuario2;
[09066309P 08134385K] ::1(53502) 2025-05-17 20:36:18.480 CESTLOG:  duración: 0.649 ms
[09066309P 08134385K] ::1(53502) 2025-05-17 20:36:18.488 CESTLOG:  sentencia: DROP USER IF EXISTS usuario3;
[09066309P 08134385K] ::1(53502) 2025-05-17 20:36:18.488 CESTLOG:  duración: 0.285 ms
[09066309P 08134385K] ::1(53502) 2025-05-17 20:36:19.149 CESTLOG:  sentencia: DROP ROLE IF EXISTS rol_usuario;
[09066309P 08134385K] ::1(53502) 2025-05-17 20:36:19.149 CESTERROR:  no se puede eliminar el rol «rol_usuario» porque otros objetos dependen de él
[09066309P 08134385K] ::1(53502) 2025-05-17 20:36:19.149 CESTDETALLE:  privilegios para esquema public
	privilegios para tabla clientes
	privilegios para tabla vehiculos
	privilegios para tabla plazas
	privilegios para tabla reservas
	privilegios para tabla incidencias
	privilegios para tabla pagos
[09066309P 08134385K] ::1(53502) 2025-05-17 20:36:19.149 CESTSENTENCIA:  DROP ROLE IF EXISTS rol_usuario;
[09066309P 08134385K] ::1(53502) 2025-05-17 20:36:34.986 CESTLOG:  sentencia: DROP USER IF EXISTS usuario1;
[09066309P 08134385K] ::1(53502) 2025-05-17 20:36:34.986 CESTLOG:  duración: 0.352 ms
[09066309P 08134385K] ::1(53502) 2025-05-17 20:36:34.991 CESTLOG:  sentencia: DROP USER IF EXISTS usuario2;
[09066309P 08134385K] ::1(53502) 2025-05-17 20:36:34.992 CESTLOG:  duración: 0.124 ms
[09066309P 08134385K] ::1(53502) 2025-05-17 20:36:34.995 CESTLOG:  sentencia: DROP USER IF EXISTS usuario3;
[09066309P 08134385K] ::1(53502) 2025-05-17 20:36:34.995 CESTLOG:  duración: 0.177 ms
[09066309P 08134385K] ::1(53502) 2025-05-17 20:36:35.008 CESTLOG:  sentencia: REVOKE ALL PRIVILEGES ON ALL TABLES IN SCHEMA public FROM rol_usuario;
[09066309P 08134385K] ::1(53502) 2025-05-17 20:36:35.010 CESTLOG:  duración: 2.620 ms
[09066309P 08134385K] ::1(53502) 2025-05-17 20:36:36.003 CESTLOG:  sentencia: DROP ROLE IF EXISTS rol_usuario;
[09066309P 08134385K] ::1(53502) 2025-05-17 20:36:36.004 CESTERROR:  no se puede eliminar el rol «rol_usuario» porque otros objetos dependen de él
[09066309P 08134385K] ::1(53502) 2025-05-17 20:36:36.004 CESTDETALLE:  privilegios para esquema public
[09066309P 08134385K] ::1(53502) 2025-05-17 20:36:36.004 CESTSENTENCIA:  DROP ROLE IF EXISTS rol_usuario;
[09066309P 08134385K] ::1(53502) 2025-05-17 20:36:55.835 CESTLOG:  sentencia: REVOKE USAGE ON SCHEMA public FROM rol_usuario;
[09066309P 08134385K] ::1(53502) 2025-05-17 20:36:55.835 CESTLOG:  duración: 0.884 ms
[09066309P 08134385K] ::1(53502) 2025-05-17 20:36:57.240 CESTLOG:  sentencia: DROP ROLE IF EXISTS rol_usuario;
[09066309P 08134385K] ::1(53502) 2025-05-17 20:36:57.240 CESTLOG:  duración: 0.343 ms
[09066309P 08134385K] ::1(53502) 2025-05-17 20:37:41.563 CESTLOG:  sentencia: DELETE FROM clientes WHERE clienteid=0;
[09066309P 08134385K] ::1(53502) 2025-05-17 20:37:41.589 CESTERROR:  update o delete en «clientes» viola la llave foránea «vehiculos_clienteid_clientes_fkey» en la tabla «vehiculos»
[09066309P 08134385K] ::1(53502) 2025-05-17 20:37:41.589 CESTDETALLE:  La llave (clienteid)=(0) todavía es referida desde la tabla «vehiculos».
[09066309P 08134385K] ::1(53502) 2025-05-17 20:37:41.589 CESTSENTENCIA:  DELETE FROM clientes WHERE clienteid=0;
[09066309P 08134385K] ::1(53502) 2025-05-17 20:37:53.660 CESTLOG:  sentencia: DELETE FROM vehiculos WHERE vehiculoid=0;
[09066309P 08134385K] ::1(53502) 2025-05-17 20:37:53.661 CESTLOG:  duración: 1.688 ms
[09066309P 08134385K] ::1(53502) 2025-05-17 20:37:54.796 CESTLOG:  sentencia: DELETE FROM clientes WHERE clienteid=0;
[09066309P 08134385K] ::1(53502) 2025-05-17 20:37:54.796 CESTLOG:  duración: 0.718 ms
[09066309P 08134385K]  2025-05-17 20:38:20.628 CESTLOG:  apagando
[09066309P 08134385K]  2025-05-17 20:38:20.630 CESTLOG:  empezando checkpoint: shutdown immediate
[09066309P 08134385K]  2025-05-17 20:38:20.670 CESTLOG:  checkpoint completo: escritos 23 búfers (0.0%); 0 archivos WAL añadidos, 0 eliminados, 0 reciclados; write=0.020 s, sync=0.011 s, total=0.043 s; archivos sincronizados=18, más largo=0.002 s, promedio=0.001 s; distancia=95 kB, estimación=14755 kB; lsn=D8/9B017E58, lsn de redo=D8/9B017E58
