2024-12-19 12:09:16.962 CET [30120] ERROR:  permiso denegado a la tabla usuarios
2024-12-19 12:09:16.962 CET [30120] SENTENCIA:  
	SELECT ut.nombre AS lo_tiene, ud.nombre AS lo_desea, ute.disco_titulo, ute.disco_anno_publicacion, ute.edicion_pais, ute.edicion_anno_edicion, ute.edicion_formato, ute.estado
	FROM tienda.UTieneE ute JOIN tienda.UDeseaD udd ON ute.disco_titulo = udd.disco_titulo AND ute.disco_anno_publicacion = udd.disco_anno_publicacion JOIN tienda.Usuarios ud ON udd.usuario_nombre_usuario = ud.nombre_usuario JOIN tienda.Usuarios ut ON ute.usuario_nombre_usuario = ut.nombre_usuario
	WHERE ut.nombre LIKE 'Juan García Gómez' AND ud.nombre LIKE 'Lorena Sáez Pérez'
2024-12-19 12:12:14.303 CET [10300] LOG:  empezando checkpoint: time
2024-12-19 12:12:15.299 CET [10300] LOG:  checkpoint completo: escritos 9 búfers (0.1%); 0 archivos WAL añadidos, 0 eliminados, 0 reciclados; write=0.984 s, sync=0.004 s, total=0.997 s; archivos sincronizados=3, más largo=0.002 s, promedio=0.002 s; distancia=21 kB, estimación=21 kB; lsn=0/73014D80, lsn de redo=0/73014D48
2024-12-19 12:16:59.575 CET [22272] ERROR:  el nuevo registro para la relación «discos» viola la restricción «check» «discos_enlace_portada_check»
2024-12-19 12:16:59.575 CET [22272] DETALLE:  La fila que falla contiene (Test, 2000, Michael Jackson, http://ejemplo.com).
2024-12-19 12:16:59.575 CET [22272] SENTENCIA:  INSERT INTO tienda.Discos VALUES ('Test', 2000, 'Michael Jackson', 'http://ejemplo.com')
2024-12-19 12:18:31.808 CET [22272] ERROR:  error de sintaxis en o cerca de «Michael» en carácter 46
2024-12-19 12:18:31.808 CET [22272] SENTENCIA:  SELECT * FROM tienda.Grupos WHERE nombre = ''Michael Jackson''
2024-12-19 12:19:18.402 CET [22272] ERROR:  transacción abortada, las órdenes serán ignoradas hasta el fin de bloque de transacción
2024-12-19 12:19:18.402 CET [22272] SENTENCIA:  SELECT d.titulo, d.anno_publicacion, COUNT(*) AS num_canciones
	FROM tienda.Discos d JOIN tienda.Canciones c ON d.titulo = c.disco_titulo AND d.anno_publicacion = c.disco_anno_publicacion
	GROUP BY d.titulo, d.anno_publicacion
	HAVING COUNT(*) > 5
	ORDER BY num_canciones
2024-12-19 12:20:56.258 CET [21260] ERROR:  el nuevo registro para la relación «discos» viola la restricción «check» «discos_enlace_portada_check»
2024-12-19 12:20:56.258 CET [21260] DETALLE:  La fila que falla contiene (Test, 2000, Michael Jackson, 'http://ejemplo.com').
2024-12-19 12:20:56.258 CET [21260] SENTENCIA:  INSERT INTO tienda.Discos VALUES ('Test', 2000, 'Michael Jackson', '''http://ejemplo.com''')
2024-12-19 12:23:33.403 CET [21260] ERROR:  el nuevo registro para la relación «discos» viola la restricción «check» «discos_enlace_portada_check»
2024-12-19 12:23:33.403 CET [21260] DETALLE:  La fila que falla contiene (Test, 2000, Los Testeadores, http://ejemplo.com).
2024-12-19 12:23:33.403 CET [21260] SENTENCIA:  INSERT INTO tienda.Discos VALUES ('Test', 2000, 'Los Testeadores', 'http://ejemplo.com')
2024-12-19 12:23:33.404 CET [21260] WARNING:  no hay una transacción en curso
2024-12-19 12:24:33.774 CET [21260] LOG:  no se pudo recibir datos del cliente: An existing connection was forcibly closed by the remote host.
	
2024-12-19 12:25:49.391 CET [17456] LOG:  no se pudo recibir datos del cliente: An existing connection was forcibly closed by the remote host.
	
2024-12-19 12:26:32.411 CET [13748] ERROR:  no existe la columna «nombre» en carácter 35
2024-12-19 12:26:32.411 CET [13748] SENTENCIA:  SELECT * FROM tienda.discos WHERE nombre = 'Test';
2024-12-19 12:27:14.328 CET [10300] LOG:  empezando checkpoint: time
2024-12-19 12:27:15.334 CET [10300] LOG:  checkpoint completo: escritos 10 búfers (0.1%); 0 archivos WAL añadidos, 0 eliminados, 0 reciclados; write=0.994 s, sync=0.005 s, total=1.007 s; archivos sincronizados=9, más largo=0.001 s, promedio=0.001 s; distancia=28 kB, estimación=28 kB; lsn=0/7301BEB8, lsn de redo=0/7301BE80
2024-12-19 12:29:07.013 CET [5792] LOG:  no se pudo recibir datos del cliente: An existing connection was forcibly closed by the remote host.
	
2024-12-19 12:29:07.013 CET [5792] LOG:  se encontró fin de archivo inesperado en una conexión con una transacción abierta
2024-12-19 12:31:06.704 CET [28840] ERROR:  inserción o actualización en la tabla «canciones» viola la llave foránea «canciones_disco_titulo_disco_anno_publicacion_fkey»
2024-12-19 12:31:06.704 CET [28840] DETALLE:  La llave (disco_titulo, disco_anno_publicacion)=(Oh Test Mío, 55) no está presente en la tabla «discos».
2024-12-19 12:31:06.704 CET [28840] SENTENCIA:  INSERT INTO tienda.Canciones VALUES ('Test', 2000, 'Oh Test Mío', 55)
2024-12-19 12:32:14.345 CET [10300] LOG:  empezando checkpoint: time
2024-12-19 12:32:15.341 CET [10300] LOG:  checkpoint completo: escritos 10 búfers (0.1%); 0 archivos WAL añadidos, 0 eliminados, 0 reciclados; write=0.985 s, sync=0.005 s, total=0.997 s; archivos sincronizados=10, más largo=0.001 s, promedio=0.001 s; distancia=28 kB, estimación=28 kB; lsn=0/730231F8, lsn de redo=0/730231C0
2024-12-19 12:37:14.347 CET [10300] LOG:  empezando checkpoint: time
2024-12-19 12:37:15.681 CET [10300] LOG:  checkpoint completo: escritos 13 búfers (0.1%); 0 archivos WAL añadidos, 0 eliminados, 0 reciclados; write=1.322 s, sync=0.007 s, total=1.335 s; archivos sincronizados=12, más largo=0.001 s, promedio=0.001 s; distancia=26 kB, estimación=28 kB; lsn=0/73029C08, lsn de redo=0/73029BD0
2024-12-19 12:37:26.314 CET [27956] LOG:  no se pudo recibir datos del cliente: An existing connection was forcibly closed by the remote host.
	
2024-12-19 12:37:37.896 CET [33960] FATAL:  la autentificación password falló para el usuario «sumajestad»
2024-12-19 12:37:37.896 CET [33960] DETALLE:  La conexión coincidió con el archivo «C:/Program Files/PostgreSQL/16/data/pg_hba.conf» línea 117: «host    all             all             ::1/128                 scram-sha-256»
2024-12-19 12:38:24.287 CET [34260] FATAL:  la autentificación password falló para el usuario «su»
2024-12-19 12:38:24.287 CET [34260] DETALLE:  No existe el rol «su».
	La conexión coincidió con el archivo «C:/Program Files/PostgreSQL/16/data/pg_hba.conf» línea 117: «host    all             all             ::1/128                 scram-sha-256»
2024-12-19 12:39:00.569 CET [25664] ERROR:  el nuevo registro para la relación «discos» viola la restricción «check» «discos_enlace_portada_check»
2024-12-19 12:39:00.569 CET [25664] DETALLE:  La fila que falla contiene (Hola Mundo, 1999, no, Globalistas).
2024-12-19 12:39:00.569 CET [25664] SENTENCIA:  INSERT INTO tienda.Discos VALUES ('Hola Mundo', 1999, 'no', 'Globalistas')
2024-12-19 12:42:14.692 CET [10300] LOG:  empezando checkpoint: time
2024-12-19 12:42:15.248 CET [10300] LOG:  checkpoint completo: escritos 6 búfers (0.0%); 0 archivos WAL añadidos, 0 eliminados, 0 reciclados; write=0.546 s, sync=0.005 s, total=0.557 s; archivos sincronizados=6, más largo=0.002 s, promedio=0.001 s; distancia=9 kB, estimación=26 kB; lsn=0/7302C2F8, lsn de redo=0/7302C2C0
2024-12-19 12:44:01.056 CET [7252] LOG:  no se pudo recibir datos del cliente: An existing connection was forcibly closed by the remote host.
	
2024-12-19 12:44:41.051 CET [9468] ERROR:  el nuevo registro para la relación «canciones» viola la restricción «check» «canciones_duracion_check»
2024-12-19 12:44:41.051 CET [9468] DETALLE:  La fila que falla contiene (A, -1, OtroIntento, 2001).
2024-12-19 12:44:41.051 CET [9468] SENTENCIA:  INSERT INTO tienda.Canciones VALUES ('A',  -1, 'OtroIntento', 2001)
2024-12-19 12:44:46.611 CET [9468] ERROR:  el nuevo registro para la relación «canciones» viola la restricción «check» «canciones_duracion_check»
2024-12-19 12:44:46.611 CET [9468] DETALLE:  La fila que falla contiene (A, -1, OtroIntento, 2001).
2024-12-19 12:44:46.611 CET [9468] SENTENCIA:  INSERT INTO tienda.Canciones VALUES ('A',  -1, 'OtroIntento', 2001)
2024-12-19 12:44:46.612 CET [9468] WARNING:  no hay una transacción en curso
2024-12-19 12:44:49.087 CET [9468] ERROR:  inserción o actualización en la tabla «canciones» viola la llave foránea «canciones_disco_titulo_disco_anno_publicacion_fkey»
2024-12-19 12:44:49.087 CET [9468] DETALLE:  La llave (disco_titulo, disco_anno_publicacion)=(OtroIntento, 2001) no está presente en la tabla «discos».
2024-12-19 12:44:49.087 CET [9468] SENTENCIA:  INSERT INTO tienda.Canciones VALUES ('A', 1, 'OtroIntento', 2001)
2024-12-19 12:44:49.088 CET [9468] WARNING:  no hay una transacción en curso
2024-12-19 12:47:14.257 CET [10300] LOG:  empezando checkpoint: time
2024-12-19 12:47:15.361 CET [10300] LOG:  checkpoint completo: escritos 11 búfers (0.1%); 0 archivos WAL añadidos, 0 eliminados, 0 reciclados; write=1.093 s, sync=0.006 s, total=1.105 s; archivos sincronizados=10, más largo=0.001 s, promedio=0.001 s; distancia=32 kB, estimación=32 kB; lsn=0/73034518, lsn de redo=0/730344E0
2024-12-19 12:50:20.145 CET [31172] FATAL:  la autentificación password falló para el usuario «sumajestad»
2024-12-19 12:50:20.145 CET [31172] DETALLE:  La conexión coincidió con el archivo «C:/Program Files/PostgreSQL/16/data/pg_hba.conf» línea 117: «host    all             all             ::1/128                 scram-sha-256»
2024-12-19 12:52:14.374 CET [10300] LOG:  empezando checkpoint: time
2024-12-19 12:52:15.374 CET [10300] LOG:  checkpoint completo: escritos 10 búfers (0.1%); 0 archivos WAL añadidos, 0 eliminados, 0 reciclados; write=0.988 s, sync=0.006 s, total=1.000 s; archivos sincronizados=10, más largo=0.001 s, promedio=0.001 s; distancia=34 kB, estimación=34 kB; lsn=0/7303CE50, lsn de redo=0/7303CE18
2024-12-19 12:54:23.106 CET [16768] ERROR:  el nuevo registro para la relación «canciones» viola la restricción «check» «canciones_duracion_check»
2024-12-19 12:54:23.106 CET [16768] DETALLE:  La fila que falla contiene (ZZZZ, -3, otromas, 1013).
2024-12-19 12:54:23.106 CET [16768] SENTENCIA:  INSERT INTO tienda.Canciones VALUES ('ZZZZ',  -3, 'otromas', 1013)
2024-12-19 12:54:23.107 CET [16768] WARNING:  no hay una transacción en curso
2024-12-19 12:54:23.982 CET [16768] ERROR:  llave duplicada viola restricción de unicidad «discos_pkey»
2024-12-19 12:54:23.982 CET [16768] DETALLE:  Ya existe la llave (titulo, anno_publicacion)=(otromas, 1013).
2024-12-19 12:54:23.982 CET [16768] SENTENCIA:  INSERT INTO tienda.Discos VALUES ('otromas', 1013, 'http://lqs.es', 'Los novatillos')
2024-12-19 12:57:14.379 CET [10300] LOG:  empezando checkpoint: time
2024-12-19 12:57:15.153 CET [10300] LOG:  checkpoint completo: escritos 8 búfers (0.0%); 0 archivos WAL añadidos, 0 eliminados, 0 reciclados; write=0.762 s, sync=0.006 s, total=0.775 s; archivos sincronizados=8, más largo=0.002 s, promedio=0.001 s; distancia=22 kB, estimación=33 kB; lsn=0/730427A8, lsn de redo=0/73042770
2024-12-19 12:58:12.994 CET [35748] ERROR:  el nuevo registro para la relación «canciones» viola la restricción «check» «canciones_duracion_check»
2024-12-19 12:58:12.994 CET [35748] DETALLE:  La fila que falla contiene (AA, -3, a, 1111).
2024-12-19 12:58:12.994 CET [35748] SENTENCIA:  INSERT INTO tienda.Canciones VALUES ('AA',  -3, 'a', 1111)
2024-12-19 12:58:17.841 CET [35748] ERROR:  inserción o actualización en la tabla «discos» viola la llave foránea «discos_grupo_nombre_fkey»
2024-12-19 12:58:17.841 CET [35748] DETALLE:  La llave (grupo_nombre)=(A cedores) no está presente en la tabla «grupos».
2024-12-19 12:58:17.841 CET [35748] SENTENCIA:  INSERT INTO tienda.Discos VALUES ('a', 1111, 'http://a.b', 'A cedores')
2024-12-19 13:02:14.169 CET [10300] LOG:  empezando checkpoint: time
2024-12-19 13:02:15.046 CET [10300] LOG:  checkpoint completo: escritos 9 búfers (0.1%); 0 archivos WAL añadidos, 0 eliminados, 0 reciclados; write=0.867 s, sync=0.004 s, total=0.878 s; archivos sincronizados=8, más largo=0.001 s, promedio=0.001 s; distancia=27 kB, estimación=32 kB; lsn=0/73049548, lsn de redo=0/73049510
2024-12-19 13:02:28.374 CET [28840] ERROR:  el nuevo registro para la relación «canciones» viola la restricción «check» «canciones_duracion_check»
2024-12-19 13:02:28.374 CET [28840] DETALLE:  La fila que falla contiene (AA, -3, porfa, 2222).
2024-12-19 13:02:28.374 CET [28840] SENTENCIA:  INSERT INTO tienda.Canciones VALUES ('AA',  -3, 'porfa', 2222)
2024-12-19 13:03:00.986 CET [28840] ERROR:  el nuevo registro para la relación «canciones» viola la restricción «check» «canciones_duracion_check»
2024-12-19 13:03:00.986 CET [28840] DETALLE:  La fila que falla contiene (AB, -5, porfa, 2222).
2024-12-19 13:03:00.986 CET [28840] SENTENCIA:  INSERT INTO tienda.Canciones VALUES ('AB',  -5, 'porfa', 2222)
2024-12-19 13:03:00.986 CET [28840] WARNING:  no hay una transacción en curso
2024-12-19 13:03:02.571 CET [28840] ERROR:  llave duplicada viola restricción de unicidad «grupos_pkey»
2024-12-19 13:03:02.571 CET [28840] DETALLE:  Ya existe la llave (nombre)=(Los desesperados).
2024-12-19 13:03:02.571 CET [28840] SENTENCIA:  INSERT INTO tienda.Grupos VALUES ('Los desesperados', 'https://teloruego.pls')
2024-12-19 13:04:11.431 CET [23772] FATAL:  la autentificación password falló para el usuario «postgres»
2024-12-19 13:04:11.431 CET [23772] DETALLE:  La conexión coincidió con el archivo «C:/Program Files/PostgreSQL/16/data/pg_hba.conf» línea 117: «host    all             all             ::1/128                 scram-sha-256»
2024-12-19 13:05:08.355 CET [24880] LOG:  no se pudo recibir datos del cliente: An existing connection was forcibly closed by the remote host.
	
2024-12-19 13:05:38.573 CET [25672] ERROR:  el nuevo registro para la relación «grupos» viola la restricción «check» «grupos_enlace_check»
2024-12-19 13:05:38.573 CET [25672] DETALLE:  La fila que falla contiene (Los hartos, vamos.tio).
2024-12-19 13:05:38.573 CET [25672] SENTENCIA:  INSERT INTO tienda.Grupos VALUES ('Los hartos', 'vamos.tio')
2024-12-19 13:05:47.614 CET [25672] ERROR:  el nuevo registro para la relación «discos» viola la restricción «check» «discos_enlace_portada_check»
2024-12-19 13:05:47.614 CET [25672] DETALLE:  La fila que falla contiene (Porfa, 2222, veya.pls, Los hartos).
2024-12-19 13:05:47.614 CET [25672] SENTENCIA:  INSERT INTO tienda.Discos VALUES ('Porfa', 2222, 'veya.pls', 'Los hartos')
2024-12-19 13:05:47.615 CET [25672] WARNING:  no hay una transacción en curso
